{
  "stats": {
    "suites": 2,
    "tests": 3,
    "passes": 3,
    "pending": 0,
    "failures": 0,
    "start": "2021-03-23T16:24:24.201Z",
    "end": "2021-03-23T16:25:30.210Z",
    "duration": 10243,
    "testsRegistered": 3,
    "passPercent": 100,
    "pendingPercent": 0,
    "other": 0,
    "hasOther": false,
    "skipped": 0,
    "hasSkipped": false
  },
  "results": [
    {
      "uuid": "119fde69-5a9f-450f-bc61-51fecaf750cf",
      "title": "",
      "fullFile": "cypress\\integration\\other\\hooks.js",
      "file": "cypress\\integration\\other\\hooks.js",
      "beforeHooks": [],
      "afterHooks": [],
      "tests": [],
      "suites": [
        {
          "uuid": "3190d36e-51e3-4c79-84fe-19afcacaae6a",
          "title": "Hooks",
          "fullFile": "",
          "file": "",
          "beforeHooks": [],
          "afterHooks": [],
          "tests": [
            {
              "title": "TEST 2",
              "fullTitle": "Hooks TEST 2",
              "timedOut": null,
              "duration": 795,
              "state": "passed",
              "speed": "slow",
              "pass": true,
              "fail": false,
              "pending": false,
              "context": null,
              "code": "cy.log(\"OVO JE TEST 2\");",
              "err": {},
              "uuid": "db64d8ca-153c-40a7-9100-1593eb2a6596",
              "parentUUID": "3190d36e-51e3-4c79-84fe-19afcacaae6a",
              "isHook": false,
              "skipped": false
            },
            {
              "title": "TEST 1",
              "fullTitle": "Hooks TEST 1",
              "timedOut": null,
              "duration": 2179,
              "state": "passed",
              "speed": "slow",
              "pass": true,
              "fail": false,
              "pending": false,
              "context": null,
              "code": "cy.log(\"OVO JE TEST 1\");",
              "err": {},
              "uuid": "1ea657f7-8a28-48c6-a4f9-1e44115270fc",
              "parentUUID": "3190d36e-51e3-4c79-84fe-19afcacaae6a",
              "isHook": false,
              "skipped": false
            }
          ],
          "suites": [],
          "passes": [
            "db64d8ca-153c-40a7-9100-1593eb2a6596",
            "1ea657f7-8a28-48c6-a4f9-1e44115270fc"
          ],
          "failures": [],
          "pending": [],
          "skipped": [],
          "duration": 2974,
          "root": false,
          "rootEmpty": false,
          "_timeout": 2000
        }
      ],
      "passes": [],
      "failures": [],
      "pending": [],
      "skipped": [],
      "duration": 0,
      "root": true,
      "rootEmpty": true,
      "_timeout": 2000
    },
    {
      "uuid": "0dfb4f3d-9ad0-4220-a1c9-87124cfc2a85",
      "title": "",
      "fullFile": "cypress\\integration\\other\\same-origin-policy.js",
      "file": "cypress\\integration\\other\\same-origin-policy.js",
      "beforeHooks": [],
      "afterHooks": [],
      "tests": [],
      "suites": [
        {
          "uuid": "c81ee50f-e1fb-4eb8-8a90-1c33e625455b",
          "title": "Cypress web security",
          "fullFile": "",
          "file": "",
          "beforeHooks": [],
          "afterHooks": [],
          "tests": [
            {
              "title": "Validate visiting two different domain VIA USER ACTION",
              "fullTitle": "Cypress web security Validate visiting two different domain VIA USER ACTION",
              "timedOut": null,
              "duration": 7269,
              "state": "passed",
              "speed": "slow",
              "pass": true,
              "fail": false,
              "pending": false,
              "context": null,
              "code": "cy.visit(\"http://www.webdriveruniversity.com/\");\ncy.get(\"#automation-test-store\").invoke(\"removeAttr\", \"target\").click(); //ovo radi samo ako  u cypres.json dodas \"chromeWebSecurity\" = false",
              "err": {},
              "uuid": "88b54710-0f85-48bc-b22f-c8cd8dfd77c6",
              "parentUUID": "c81ee50f-e1fb-4eb8-8a90-1c33e625455b",
              "isHook": false,
              "skipped": false
            }
          ],
          "suites": [],
          "passes": [
            "88b54710-0f85-48bc-b22f-c8cd8dfd77c6"
          ],
          "failures": [],
          "pending": [],
          "skipped": [],
          "duration": 7269,
          "root": false,
          "rootEmpty": false,
          "_timeout": 2000
        }
      ],
      "passes": [],
      "failures": [],
      "pending": [],
      "skipped": [],
      "duration": 0,
      "root": true,
      "rootEmpty": true,
      "_timeout": 2000
    }
  ],
  "meta": {
    "mocha": {
      "version": "7.0.1"
    },
    "mochawesome": {
      "options": {
        "quiet": false,
        "reportFilename": "mochawesome",
        "saveHtml": false,
        "saveJson": true,
        "consoleReporter": "spec",
        "useInlineDiffs": false,
        "code": true
      },
      "version": "6.2.2"
    },
    "marge": {
      "options": {
        "id": "default",
        "reportDir": "cypress/results/mochawesome",
        "quite": true,
        "overwrite": false,
        "html": false,
        "json": true
      },
      "version": "5.2.0"
    }
  }
}